c:\users\carso\documents\github\boundlessvr\boundlessvrdriver\boundlessvrdriver\x64\debug\vc143.pdb
c:\users\carso\documents\github\boundlessvr\boundlessvrdriver\boundlessvrdriver\x64\debug\vc143.idb
c:\users\carso\documents\github\boundlessvr\boundlessvrdriver\boundlessvrdriver\x64\debug\deviceprovider.obj
c:\users\carso\documents\github\boundlessvr\boundlessvrdriver\boundlessvrdriver\x64\debug\devicefactory.obj
c:\users\carso\documents\github\boundlessvr\boundlessvrdriver\boundlessvrdriver\x64\debug\tcpstream.obj
c:\users\carso\documents\github\boundlessvr\boundlessvrdriver\boundlessvrdriver\x64\debug\controllerdriver.obj
c:\users\carso\documents\github\boundlessvr\boundlessvrdriver\boundlessvrdriver\x64\debug\minbittcpserver.obj
c:\users\carso\documents\github\boundlessvr\boundlessvrdriver\boundlessvrdriver\x64\debug\minbitcore.obj
c:\users\carso\documents\github\boundlessvr\boundlessvrdriver\x64\debug\boundlessvrdriver.dll
c:\users\carso\documents\github\boundlessvr\boundlessvrdriver\x64\debug\boundlessvrdriver.pdb
c:\users\carso\documents\github\boundlessvr\boundlessvrdriver\x64\debug\boundlessvrdriver.lib
c:\users\carso\documents\github\boundlessvr\boundlessvrdriver\x64\debug\boundlessvrdriver.exp
c:\users\carso\documents\github\boundlessvr\boundlessvrdriver\boundlessvrdriver\x64\debug\boundlessvrdriver.ilk
c:\users\carso\documents\github\boundlessvr\boundlessvrdriver\boundlessvrdriver\x64\debug\boundles.e9f07c0e.tlog\cl.command.1.tlog
c:\users\carso\documents\github\boundlessvr\boundlessvrdriver\boundlessvrdriver\x64\debug\boundles.e9f07c0e.tlog\cl.items.tlog
c:\users\carso\documents\github\boundlessvr\boundlessvrdriver\boundlessvrdriver\x64\debug\boundles.e9f07c0e.tlog\cl.read.1.tlog
c:\users\carso\documents\github\boundlessvr\boundlessvrdriver\boundlessvrdriver\x64\debug\boundles.e9f07c0e.tlog\cl.write.1.tlog
c:\users\carso\documents\github\boundlessvr\boundlessvrdriver\boundlessvrdriver\x64\debug\boundles.e9f07c0e.tlog\link.command.1.tlog
c:\users\carso\documents\github\boundlessvr\boundlessvrdriver\boundlessvrdriver\x64\debug\boundles.e9f07c0e.tlog\link.read.1.tlog
c:\users\carso\documents\github\boundlessvr\boundlessvrdriver\boundlessvrdriver\x64\debug\boundles.e9f07c0e.tlog\link.secondary.1.tlog
c:\users\carso\documents\github\boundlessvr\boundlessvrdriver\boundlessvrdriver\x64\debug\boundles.e9f07c0e.tlog\link.write.1.tlog
